<?xml version="1.0" encoding="UTF-8"?>
<testng-results skipped="0" failed="0" ignored="0" total="3" passed="3">
  <reporter-output>
  </reporter-output>
  <suite name="testsuite" duration-ms="74" started-at="2020-08-20T07:05:50Z" finished-at="2020-08-20T07:05:50Z">
    <groups>
    </groups>
    <test name="mytest" duration-ms="74" started-at="2020-08-20T07:05:50Z" finished-at="2020-08-20T07:05:50Z">
      <class name="test.test1">
        <test-method status="PASS" signature="beforeMethod()[pri:0, instance:test.test1@396a51ab]" name="beforeMethod" is-config="true" duration-ms="11" started-at="2020-08-20T07:05:50Z" finished-at="2020-08-20T07:05:50Z">
          <reporter-output>
          </reporter-output>
        </test-method> <!-- beforeMethod -->
        <test-method status="PASS" signature="f()[pri:0, instance:test.test1@396a51ab]" name="f" duration-ms="5" started-at="2020-08-20T07:05:50Z" finished-at="2020-08-20T07:05:50Z">
          <reporter-output>
          </reporter-output>
        </test-method> <!-- f -->
        <test-method status="PASS" signature="afterMethod()[pri:0, instance:test.test1@396a51ab]" name="afterMethod" is-config="true" duration-ms="0" started-at="2020-08-20T07:05:50Z" finished-at="2020-08-20T07:05:50Z">
          <reporter-output>
          </reporter-output>
        </test-method> <!-- afterMethod -->
      </class> <!-- test.test1 -->
      <class name="test.test2">
        <test-method status="PASS" signature="f()[pri:0, instance:test.test2@51081592]" name="f" duration-ms="2" started-at="2020-08-20T07:05:50Z" finished-at="2020-08-20T07:05:50Z">
          <reporter-output>
          </reporter-output>
        </test-method> <!-- f -->
      </class> <!-- test.test2 -->
      <class name="test.test3">
        <test-method status="PASS" signature="f()[pri:0, instance:test.test3@7f9a81e8]" name="f" duration-ms="2" started-at="2020-08-20T07:05:50Z" finished-at="2020-08-20T07:05:50Z">
          <reporter-output>
          </reporter-output>
        </test-method> <!-- f -->
      </class> <!-- test.test3 -->
    </test> <!-- mytest -->
  </suite> <!-- testsuite -->
</testng-results>
